[DEBUG][21-08-02][org.apache.ibatis.logging.LogFactory]Logging initialized using 'class org.apache.ibatis.logging.log4j.Log4jImpl' adapter.
[DEBUG][21-08-02][org.apache.ibatis.datasource.pooled.PooledDataSource]PooledDataSource forcefully closed/removed all connections.
[DEBUG][21-08-02][org.apache.ibatis.datasource.pooled.PooledDataSource]PooledDataSource forcefully closed/removed all connections.
[DEBUG][21-08-02][org.apache.ibatis.datasource.pooled.PooledDataSource]PooledDataSource forcefully closed/removed all connections.
[DEBUG][21-08-02][org.apache.ibatis.datasource.pooled.PooledDataSource]PooledDataSource forcefully closed/removed all connections.
[DEBUG][21-08-02][org.apache.ibatis.transaction.jdbc.JdbcTransaction]Opening JDBC Connection
[DEBUG][21-08-02][org.apache.ibatis.datasource.pooled.PooledDataSource]Created connection 1745608181.
[DEBUG][21-08-02][org.apache.ibatis.transaction.jdbc.JdbcTransaction]Setting autocommit to false on JDBC Connection [com.mysql.cj.jdbc.ConnectionImpl@680bddf5]
[DEBUG][21-08-02][org.example.Studentdao.Studentdao.selectStudentbyID]==>  Preparing: select ID, Name, Age from mybatis_sql where ID = 1111111 
[DEBUG][21-08-02][org.example.Studentdao.Studentdao.selectStudentbyID]==> Parameters: 
[DEBUG][21-08-02][org.example.Studentdao.Studentdao.selectStudentbyID]<==      Total: 1
[DEBUG][21-08-02][org.apache.ibatis.transaction.jdbc.JdbcTransaction]Resetting autocommit to true on JDBC Connection [com.mysql.cj.jdbc.ConnectionImpl@680bddf5]
[DEBUG][21-08-02][org.apache.ibatis.transaction.jdbc.JdbcTransaction]Closing JDBC Connection [com.mysql.cj.jdbc.ConnectionImpl@680bddf5]
[DEBUG][21-08-02][org.apache.ibatis.datasource.pooled.PooledDataSource]Returned connection 1745608181 to pool.
[DEBUG][21-08-02][org.apache.ibatis.logging.LogFactory]Logging initialized using 'class org.apache.ibatis.logging.log4j.Log4jImpl' adapter.
[DEBUG][21-08-02][org.apache.ibatis.datasource.pooled.PooledDataSource]PooledDataSource forcefully closed/removed all connections.
[DEBUG][21-08-02][org.apache.ibatis.datasource.pooled.PooledDataSource]PooledDataSource forcefully closed/removed all connections.
[DEBUG][21-08-02][org.apache.ibatis.datasource.pooled.PooledDataSource]PooledDataSource forcefully closed/removed all connections.
[DEBUG][21-08-02][org.apache.ibatis.datasource.pooled.PooledDataSource]PooledDataSource forcefully closed/removed all connections.
[DEBUG][21-08-02][org.apache.ibatis.transaction.jdbc.JdbcTransaction]Opening JDBC Connection
[DEBUG][21-08-02][org.apache.ibatis.datasource.pooled.PooledDataSource]Created connection 1745608181.
[DEBUG][21-08-02][org.apache.ibatis.transaction.jdbc.JdbcTransaction]Setting autocommit to false on JDBC Connection [com.mysql.cj.jdbc.ConnectionImpl@680bddf5]
[DEBUG][21-08-02][org.example.Studentdao.Studentdao.selectStudentbyID]==>  Preparing: select ID, Name, Age from mybatis_sql where ID = 1111111 
[DEBUG][21-08-02][org.example.Studentdao.Studentdao.selectStudentbyID]==> Parameters: 
[DEBUG][21-08-02][org.example.Studentdao.Studentdao.selectStudentbyID]<==      Total: 1
[DEBUG][21-08-02][org.apache.ibatis.transaction.jdbc.JdbcTransaction]Resetting autocommit to true on JDBC Connection [com.mysql.cj.jdbc.ConnectionImpl@680bddf5]
[DEBUG][21-08-02][org.apache.ibatis.transaction.jdbc.JdbcTransaction]Closing JDBC Connection [com.mysql.cj.jdbc.ConnectionImpl@680bddf5]
[DEBUG][21-08-02][org.apache.ibatis.datasource.pooled.PooledDataSource]Returned connection 1745608181 to pool.
